The system is: Linux - 5.10.147+ - x86_64
Compiling the C compiler identification source file "CMakeCCompilerId.c" succeeded.
Compiler: /usr/bin/emcc 
Build flags: 
Id flags:  

The output was:
0
cache:INFO: generating system library: wasm/libc.a... (this will be cached in "/home/bebole_c0n3v/.emscripten_cache/wasm/libc.a" for subsequent builds)
cache:INFO:  - ok
cache:INFO: generating system library: wasm/libcompiler_rt.a... (this will be cached in "/home/bebole_c0n3v/.emscripten_cache/wasm/libcompiler_rt.a" for subsequent builds)
cache:INFO:  - ok
cache:INFO: generating system library: wasm/libc++-noexcept.a... (this will be cached in "/home/bebole_c0n3v/.emscripten_cache/wasm/libc++-noexcept.a" for subsequent builds)
cache:INFO:  - ok
cache:INFO: generating system library: wasm/libc++abi-noexcept.a... (this will be cached in "/home/bebole_c0n3v/.emscripten_cache/wasm/libc++abi-noexcept.a" for subsequent builds)
cache:INFO:  - ok
cache:INFO: generating system library: wasm/libdlmalloc.a... (this will be cached in "/home/bebole_c0n3v/.emscripten_cache/wasm/libdlmalloc.a" for subsequent builds)
cache:INFO:  - ok
cache:INFO: generating system library: wasm/libc_rt_wasm.a... (this will be cached in "/home/bebole_c0n3v/.emscripten_cache/wasm/libc_rt_wasm.a" for subsequent builds)
cache:INFO:  - ok
cache:INFO: generating system library: wasm/libsockets.a... (this will be cached in "/home/bebole_c0n3v/.emscripten_cache/wasm/libsockets.a" for subsequent builds)
cache:INFO:  - ok
cache:INFO: generating system asset: generated_struct_info.json... (this will be cached in "/home/bebole_c0n3v/.emscripten_cache/generated_struct_info.json" for subsequent builds)
cache:INFO:  - ok


Compilation of the C compiler identification source "CMakeCCompilerId.c" produced "a.out.js"

Compilation of the C compiler identification source "CMakeCCompilerId.c" produced "a.out.wasm"

The C compiler identification is Clang, found in "/home/bebole_c0n3v/desmume-wasm/desmume/wasm-port/build/CMakeFiles/3.18.4/CompilerIdC/a.out.wasm"

Compiling the CXX compiler identification source file "CMakeCXXCompilerId.cpp" succeeded.
Compiler: /usr/bin/em++ 
Build flags: 
Id flags:  

The output was:
0


Compilation of the CXX compiler identification source "CMakeCXXCompilerId.cpp" produced "a.out.js"

Compilation of the CXX compiler identification source "CMakeCXXCompilerId.cpp" produced "a.out.wasm"

The CXX compiler identification is Clang, found in "/home/bebole_c0n3v/desmume-wasm/desmume/wasm-port/build/CMakeFiles/3.18.4/CompilerIdCXX/a.out.wasm"

Detecting C compiler ABI info compiled with the following output:
Change Dir: /home/bebole_c0n3v/desmume-wasm/desmume/wasm-port/build/CMakeFiles/CMakeTmp

Run Build Command(s):/usr/bin/gmake cmTC_64973/fast && /usr/bin/gmake  -f CMakeFiles/cmTC_64973.dir/build.make CMakeFiles/cmTC_64973.dir/build
gmake[1]: Entering directory '/home/bebole_c0n3v/desmume-wasm/desmume/wasm-port/build/CMakeFiles/CMakeTmp'
Building C object CMakeFiles/cmTC_64973.dir/CMakeCCompilerABI.c.o
/usr/bin/emcc   -v -o CMakeFiles/cmTC_64973.dir/CMakeCCompilerABI.c.o -c /usr/share/cmake-3.18/Modules/CMakeCCompilerABI.c
 "/usr/bin/clang" -DEMSCRIPTEN -fignore-exceptions -mllvm -combiner-global-alias-analysis=false -mllvm -enable-emscripten-sjlj -mllvm -disable-lsr -Xclang -isystem/usr/share/emscripten/system/include/SDL -target wasm32-unknown-emscripten -D__EMSCRIPTEN_major__=2 -D__EMSCRIPTEN_minor__=0 -D__EMSCRIPTEN_tiny__=12 -D_LIBCPP_ABI_VERSION=2 -Dunix -D__unix -D__unix__ -Werror=implicit-function-declaration --sysroot=/usr/share/emscripten/system -Xclang -isystem/home/bebole_c0n3v/.emscripten_cache/include -Xclang -iwithsysroot/include/compat -Xclang -iwithsysroot/include/libc -Xclang -iwithsysroot/lib/libc/musl/arch/emscripten -Xclang -iwithsysroot/local/include -Xclang -iwithsysroot/include/SSE -Xclang -iwithsysroot/include/neon -Xclang -iwithsysroot/lib/compiler-rt/include -Xclang -iwithsysroot/lib/libunwind/include -v -c /usr/share/cmake-3.18/Modules/CMakeCCompilerABI.c -o CMakeFiles/cmTC_64973.dir/CMakeCCompilerABI.c.o
Debian clang version 11.0.1-2
Target: wasm32-unknown-emscripten
Thread model: posix
InstalledDir: /usr/bin
 (in-process)
 "/usr/lib/llvm-11/bin/clang" -cc1 -triple wasm32-unknown-emscripten -emit-obj -mrelax-all -disable-free -disable-llvm-verifier -discard-value-names -main-file-name CMakeCCompilerABI.c -mrelocation-model static -mframe-pointer=none -fno-rounding-math -mconstructor-aliases -target-cpu generic -fvisibility hidden -debugger-tuning=gdb -v -resource-dir /usr/lib/llvm-11/lib/clang/11.0.1 -D EMSCRIPTEN -D __EMSCRIPTEN_major__=2 -D __EMSCRIPTEN_minor__=0 -D __EMSCRIPTEN_tiny__=12 -D _LIBCPP_ABI_VERSION=2 -D unix -D __unix -D __unix__ -isysroot /usr/share/emscripten/system -internal-isystem /usr/lib/llvm-11/lib/clang/11.0.1/include -internal-isystem /usr/share/emscripten/system/include/wasm32-emscripten -internal-isystem /usr/share/emscripten/system/include -Werror=implicit-function-declaration -fdebug-compilation-dir /home/bebole_c0n3v/desmume-wasm/desmume/wasm-port/build/CMakeFiles/CMakeTmp -ferror-limit 19 -fgnuc-version=4.2.1 -fignore-exceptions -isystem/usr/share/emscripten/system/include/SDL -isystem/home/bebole_c0n3v/.emscripten_cache/include -iwithsysroot/include/compat -iwithsysroot/include/libc -iwithsysroot/lib/libc/musl/arch/emscripten -iwithsysroot/local/include -iwithsysroot/include/SSE -iwithsysroot/include/neon -iwithsysroot/lib/compiler-rt/include -iwithsysroot/lib/libunwind/include -mllvm -combiner-global-alias-analysis=false -mllvm -enable-emscripten-sjlj -mllvm -disable-lsr -o CMakeFiles/cmTC_64973.dir/CMakeCCompilerABI.c.o -x c /usr/share/cmake-3.18/Modules/CMakeCCompilerABI.c
clang -cc1 version 11.0.1 based upon LLVM 11.0.1 default target x86_64-pc-linux-gnu
ignoring nonexistent directory "/home/bebole_c0n3v/.emscripten_cache/include"
ignoring nonexistent directory "/usr/share/emscripten/system/include/wasm32-emscripten"
#include "..." search starts here:
#include <...> search starts here:
 /usr/share/emscripten/system/include/SDL
 /usr/share/emscripten/system/include/compat
 /usr/share/emscripten/system/include/libc
 /usr/share/emscripten/system/lib/libc/musl/arch/emscripten
 /usr/share/emscripten/system/local/include
 /usr/share/emscripten/system/include/SSE
 /usr/share/emscripten/system/include/neon
 /usr/share/emscripten/system/lib/compiler-rt/include
 /usr/share/emscripten/system/lib/libunwind/include
 /usr/lib/llvm-11/lib/clang/11.0.1/include
 /usr/share/emscripten/system/include
End of search list.
Linking C executable cmTC_64973
/usr/bin/cmake -E cmake_link_script CMakeFiles/cmTC_64973.dir/link.txt --verbose=1
/usr/bin/emcc  -v -rdynamic CMakeFiles/cmTC_64973.dir/CMakeCCompilerABI.c.o -o cmTC_64973 
 "/usr/bin/wasm-ld" -o cmTC_64973.wasm CMakeFiles/cmTC_64973.dir/CMakeCCompilerABI.c.o -L/usr/share/emscripten/system/local/lib -L/usr/share/emscripten/system/lib -L/home/bebole_c0n3v/.emscripten_cache/wasm /home/bebole_c0n3v/.emscripten_cache/wasm/libc.a /home/bebole_c0n3v/.emscripten_cache/wasm/libcompiler_rt.a /home/bebole_c0n3v/.emscripten_cache/wasm/libc++-noexcept.a /home/bebole_c0n3v/.emscripten_cache/wasm/libc++abi-noexcept.a /home/bebole_c0n3v/.emscripten_cache/wasm/libdlmalloc.a /home/bebole_c0n3v/.emscripten_cache/wasm/libc_rt_wasm.a /home/bebole_c0n3v/.emscripten_cache/wasm/libsockets.a -mllvm -combiner-global-alias-analysis=false -mllvm -enable-emscripten-sjlj -mllvm -disable-lsr --allow-undefined --strip-debug --export-table --export main --export emscripten_stack_get_end --export emscripten_stack_get_free --export emscripten_stack_init --export stackSave --export stackRestore --export stackAlloc --export __wasm_call_ctors --export fflush --export __errno_location -z stack-size=5242880 --initial-memory=16777216 --no-entry --max-memory=16777216 --global-base=1024
 "/usr/bin/wasm-emscripten-finalize" --detect-features --minimize-wasm-changes --dyncalls-i64 cmTC_64973.wasm -o cmTC_64973.wasm
 "/usr/bin/node" /usr/share/emscripten/src/compiler.js /tmp/tmp_i2ts93q.txt
 "/usr/bin/llvm-objcopy" cmTC_64973.wasm cmTC_64973.wasm --remove-section=.debug* --remove-section=producers
gmake[1]: Leaving directory '/home/bebole_c0n3v/desmume-wasm/desmume/wasm-port/build/CMakeFiles/CMakeTmp'



Parsed C implicit include dir info from above output: rv=done
  found start of include info
  found start of implicit include info
    add: [/usr/share/emscripten/system/include/SDL]
    add: [/usr/share/emscripten/system/include/compat]
    add: [/usr/share/emscripten/system/include/libc]
    add: [/usr/share/emscripten/system/lib/libc/musl/arch/emscripten]
    add: [/usr/share/emscripten/system/local/include]
    add: [/usr/share/emscripten/system/include/SSE]
    add: [/usr/share/emscripten/system/include/neon]
    add: [/usr/share/emscripten/system/lib/compiler-rt/include]
    add: [/usr/share/emscripten/system/lib/libunwind/include]
    add: [/usr/lib/llvm-11/lib/clang/11.0.1/include]
    add: [/usr/share/emscripten/system/include]
  end of search list found
  collapse include dir [/usr/share/emscripten/system/include/SDL] ==> [/usr/share/emscripten/system/include/SDL]
  collapse include dir [/usr/share/emscripten/system/include/compat] ==> [/usr/share/emscripten/system/include/compat]
  collapse include dir [/usr/share/emscripten/system/include/libc] ==> [/usr/share/emscripten/system/include/libc]
  collapse include dir [/usr/share/emscripten/system/lib/libc/musl/arch/emscripten] ==> [/usr/share/emscripten/system/lib/libc/musl/arch/emscripten]
  collapse include dir [/usr/share/emscripten/system/local/include] ==> [/usr/share/emscripten/system/local/include]
  collapse include dir [/usr/share/emscripten/system/include/SSE] ==> [/usr/share/emscripten/system/include/SSE]
  collapse include dir [/usr/share/emscripten/system/include/neon] ==> [/usr/share/emscripten/system/include/neon]
  collapse include dir [/usr/share/emscripten/system/lib/compiler-rt/include] ==> [/usr/share/emscripten/system/lib/compiler-rt/include]
  collapse include dir [/usr/share/emscripten/system/lib/libunwind/include] ==> [/usr/share/emscripten/system/lib/libunwind/include]
  collapse include dir [/usr/lib/llvm-11/lib/clang/11.0.1/include] ==> [/usr/lib/llvm-11/lib/clang/11.0.1/include]
  collapse include dir [/usr/share/emscripten/system/include] ==> [/usr/share/emscripten/system/include]
  implicit include dirs: [/usr/share/emscripten/system/include/SDL;/usr/share/emscripten/system/include/compat;/usr/share/emscripten/system/include/libc;/usr/share/emscripten/system/lib/libc/musl/arch/emscripten;/usr/share/emscripten/system/local/include;/usr/share/emscripten/system/include/SSE;/usr/share/emscripten/system/include/neon;/usr/share/emscripten/system/lib/compiler-rt/include;/usr/share/emscripten/system/lib/libunwind/include;/usr/lib/llvm-11/lib/clang/11.0.1/include;/usr/share/emscripten/system/include]


Parsed C implicit link information from above output:
  link line regex: [^( *|.*[/\])(ld|CMAKE_LINK_STARTFILE-NOTFOUND|([^/\]+-)?ld|collect2)[^/\]*( |$)]
  ignore line: [Change Dir: /home/bebole_c0n3v/desmume-wasm/desmume/wasm-port/build/CMakeFiles/CMakeTmp]
  ignore line: []
  ignore line: [Run Build Command(s):/usr/bin/gmake cmTC_64973/fast && /usr/bin/gmake  -f CMakeFiles/cmTC_64973.dir/build.make CMakeFiles/cmTC_64973.dir/build]
  ignore line: [gmake[1]: Entering directory '/home/bebole_c0n3v/desmume-wasm/desmume/wasm-port/build/CMakeFiles/CMakeTmp']
  ignore line: [Building C object CMakeFiles/cmTC_64973.dir/CMakeCCompilerABI.c.o]
  ignore line: [/usr/bin/emcc   -v -o CMakeFiles/cmTC_64973.dir/CMakeCCompilerABI.c.o -c /usr/share/cmake-3.18/Modules/CMakeCCompilerABI.c]
  ignore line: [ "/usr/bin/clang" -DEMSCRIPTEN -fignore-exceptions -mllvm -combiner-global-alias-analysis=false -mllvm -enable-emscripten-sjlj -mllvm -disable-lsr -Xclang -isystem/usr/share/emscripten/system/include/SDL -target wasm32-unknown-emscripten -D__EMSCRIPTEN_major__=2 -D__EMSCRIPTEN_minor__=0 -D__EMSCRIPTEN_tiny__=12 -D_LIBCPP_ABI_VERSION=2 -Dunix -D__unix -D__unix__ -Werror=implicit-function-declaration --sysroot=/usr/share/emscripten/system -Xclang -isystem/home/bebole_c0n3v/.emscripten_cache/include -Xclang -iwithsysroot/include/compat -Xclang -iwithsysroot/include/libc -Xclang -iwithsysroot/lib/libc/musl/arch/emscripten -Xclang -iwithsysroot/local/include -Xclang -iwithsysroot/include/SSE -Xclang -iwithsysroot/include/neon -Xclang -iwithsysroot/lib/compiler-rt/include -Xclang -iwithsysroot/lib/libunwind/include -v -c /usr/share/cmake-3.18/Modules/CMakeCCompilerABI.c -o CMakeFiles/cmTC_64973.dir/CMakeCCompilerABI.c.o]
  ignore line: [Debian clang version 11.0.1-2]
  ignore line: [Target: wasm32-unknown-emscripten]
  ignore line: [Thread model: posix]
  ignore line: [InstalledDir: /usr/bin]
  ignore line: [ (in-process)]
  ignore line: [ "/usr/lib/llvm-11/bin/clang" -cc1 -triple wasm32-unknown-emscripten -emit-obj -mrelax-all -disable-free -disable-llvm-verifier -discard-value-names -main-file-name CMakeCCompilerABI.c -mrelocation-model static -mframe-pointer=none -fno-rounding-math -mconstructor-aliases -target-cpu generic -fvisibility hidden -debugger-tuning=gdb -v -resource-dir /usr/lib/llvm-11/lib/clang/11.0.1 -D EMSCRIPTEN -D __EMSCRIPTEN_major__=2 -D __EMSCRIPTEN_minor__=0 -D __EMSCRIPTEN_tiny__=12 -D _LIBCPP_ABI_VERSION=2 -D unix -D __unix -D __unix__ -isysroot /usr/share/emscripten/system -internal-isystem /usr/lib/llvm-11/lib/clang/11.0.1/include -internal-isystem /usr/share/emscripten/system/include/wasm32-emscripten -internal-isystem /usr/share/emscripten/system/include -Werror=implicit-function-declaration -fdebug-compilation-dir /home/bebole_c0n3v/desmume-wasm/desmume/wasm-port/build/CMakeFiles/CMakeTmp -ferror-limit 19 -fgnuc-version=4.2.1 -fignore-exceptions -isystem/usr/share/emscripten/system/include/SDL -isystem/home/bebole_c0n3v/.emscripten_cache/include -iwithsysroot/include/compat -iwithsysroot/include/libc -iwithsysroot/lib/libc/musl/arch/emscripten -iwithsysroot/local/include -iwithsysroot/include/SSE -iwithsysroot/include/neon -iwithsysroot/lib/compiler-rt/include -iwithsysroot/lib/libunwind/include -mllvm -combiner-global-alias-analysis=false -mllvm -enable-emscripten-sjlj -mllvm -disable-lsr -o CMakeFiles/cmTC_64973.dir/CMakeCCompilerABI.c.o -x c /usr/share/cmake-3.18/Modules/CMakeCCompilerABI.c]
  ignore line: [clang -cc1 version 11.0.1 based upon LLVM 11.0.1 default target x86_64-pc-linux-gnu]
  ignore line: [ignoring nonexistent directory "/home/bebole_c0n3v/.emscripten_cache/include"]
  ignore line: [ignoring nonexistent directory "/usr/share/emscripten/system/include/wasm32-emscripten"]
  ignore line: [#include "..." search starts here:]
  ignore line: [#include <...> search starts here:]
  ignore line: [ /usr/share/emscripten/system/include/SDL]
  ignore line: [ /usr/share/emscripten/system/include/compat]
  ignore line: [ /usr/share/emscripten/system/include/libc]
  ignore line: [ /usr/share/emscripten/system/lib/libc/musl/arch/emscripten]
  ignore line: [ /usr/share/emscripten/system/local/include]
  ignore line: [ /usr/share/emscripten/system/include/SSE]
  ignore line: [ /usr/share/emscripten/system/include/neon]
  ignore line: [ /usr/share/emscripten/system/lib/compiler-rt/include]
  ignore line: [ /usr/share/emscripten/system/lib/libunwind/include]
  ignore line: [ /usr/lib/llvm-11/lib/clang/11.0.1/include]
  ignore line: [ /usr/share/emscripten/system/include]
  ignore line: [End of search list.]
  ignore line: [Linking C executable cmTC_64973]
  ignore line: [/usr/bin/cmake -E cmake_link_script CMakeFiles/cmTC_64973.dir/link.txt --verbose=1]
  ignore line: [/usr/bin/emcc  -v -rdynamic CMakeFiles/cmTC_64973.dir/CMakeCCompilerABI.c.o -o cmTC_64973 ]
  link line: [ "/usr/bin/wasm-ld" -o cmTC_64973.wasm CMakeFiles/cmTC_64973.dir/CMakeCCompilerABI.c.o -L/usr/share/emscripten/system/local/lib -L/usr/share/emscripten/system/lib -L/home/bebole_c0n3v/.emscripten_cache/wasm /home/bebole_c0n3v/.emscripten_cache/wasm/libc.a /home/bebole_c0n3v/.emscripten_cache/wasm/libcompiler_rt.a /home/bebole_c0n3v/.emscripten_cache/wasm/libc++-noexcept.a /home/bebole_c0n3v/.emscripten_cache/wasm/libc++abi-noexcept.a /home/bebole_c0n3v/.emscripten_cache/wasm/libdlmalloc.a /home/bebole_c0n3v/.emscripten_cache/wasm/libc_rt_wasm.a /home/bebole_c0n3v/.emscripten_cache/wasm/libsockets.a -mllvm -combiner-global-alias-analysis=false -mllvm -enable-emscripten-sjlj -mllvm -disable-lsr --allow-undefined --strip-debug --export-table --export main --export emscripten_stack_get_end --export emscripten_stack_get_free --export emscripten_stack_init --export stackSave --export stackRestore --export stackAlloc --export __wasm_call_ctors --export fflush --export __errno_location -z stack-size=5242880 --initial-memory=16777216 --no-entry --max-memory=16777216 --global-base=1024]
    arg [/usr/bin/wasm-ld] ==> ignore
    arg [-o] ==> ignore
    arg [cmTC_64973.wasm] ==> ignore
    arg [CMakeFiles/cmTC_64973.dir/CMakeCCompilerABI.c.o] ==> ignore
    arg [-L/usr/share/emscripten/system/local/lib] ==> dir [/usr/share/emscripten/system/local/lib]
    arg [-L/usr/share/emscripten/system/lib] ==> dir [/usr/share/emscripten/system/lib]
    arg [-L/home/bebole_c0n3v/.emscripten_cache/wasm] ==> dir [/home/bebole_c0n3v/.emscripten_cache/wasm]
    arg [/home/bebole_c0n3v/.emscripten_cache/wasm/libc.a] ==> lib [/home/bebole_c0n3v/.emscripten_cache/wasm/libc.a]
    arg [/home/bebole_c0n3v/.emscripten_cache/wasm/libcompiler_rt.a] ==> lib [/home/bebole_c0n3v/.emscripten_cache/wasm/libcompiler_rt.a]
    arg [/home/bebole_c0n3v/.emscripten_cache/wasm/libc++-noexcept.a] ==> lib [/home/bebole_c0n3v/.emscripten_cache/wasm/libc++-noexcept.a]
    arg [/home/bebole_c0n3v/.emscripten_cache/wasm/libc++abi-noexcept.a] ==> lib [/home/bebole_c0n3v/.emscripten_cache/wasm/libc++abi-noexcept.a]
    arg [/home/bebole_c0n3v/.emscripten_cache/wasm/libdlmalloc.a] ==> lib [/home/bebole_c0n3v/.emscripten_cache/wasm/libdlmalloc.a]
    arg [/home/bebole_c0n3v/.emscripten_cache/wasm/libc_rt_wasm.a] ==> lib [/home/bebole_c0n3v/.emscripten_cache/wasm/libc_rt_wasm.a]
    arg [/home/bebole_c0n3v/.emscripten_cache/wasm/libsockets.a] ==> lib [/home/bebole_c0n3v/.emscripten_cache/wasm/libsockets.a]
    arg [-mllvm] ==> ignore
    arg [-combiner-global-alias-analysis=false] ==> ignore
    arg [-mllvm] ==> ignore
    arg [-enable-emscripten-sjlj] ==> ignore
    arg [-mllvm] ==> ignore
    arg [-disable-lsr] ==> ignore
    arg [--allow-undefined] ==> ignore
    arg [--strip-debug] ==> ignore
    arg [--export-table] ==> ignore
    arg [--export] ==> ignore
    arg [main] ==> ignore
    arg [--export] ==> ignore
    arg [emscripten_stack_get_end] ==> ignore
    arg [--export] ==> ignore
    arg [emscripten_stack_get_free] ==> ignore
    arg [--export] ==> ignore
    arg [emscripten_stack_init] ==> ignore
    arg [--export] ==> ignore
    arg [stackSave] ==> ignore
    arg [--export] ==> ignore
    arg [stackRestore] ==> ignore
    arg [--export] ==> ignore
    arg [stackAlloc] ==> ignore
    arg [--export] ==> ignore
    arg [__wasm_call_ctors] ==> ignore
    arg [--export] ==> ignore
    arg [fflush] ==> ignore
    arg [--export] ==> ignore
    arg [__errno_location] ==> ignore
    arg [-zstack-size=5242880] ==> ignore
    arg [--initial-memory=16777216] ==> ignore
    arg [--no-entry] ==> ignore
    arg [--max-memory=16777216] ==> ignore
    arg [--global-base=1024] ==> ignore
  collapse library dir [/usr/share/emscripten/system/local/lib] ==> [/usr/share/emscripten/system/local/lib]
  collapse library dir [/usr/share/emscripten/system/lib] ==> [/usr/share/emscripten/system/lib]
  collapse library dir [/home/bebole_c0n3v/.emscripten_cache/wasm] ==> [/home/bebole_c0n3v/.emscripten_cache/wasm]
  implicit libs: [/home/bebole_c0n3v/.emscripten_cache/wasm/libc.a;/home/bebole_c0n3v/.emscripten_cache/wasm/libcompiler_rt.a;/home/bebole_c0n3v/.emscripten_cache/wasm/libc++-noexcept.a;/home/bebole_c0n3v/.emscripten_cache/wasm/libc++abi-noexcept.a;/home/bebole_c0n3v/.emscripten_cache/wasm/libdlmalloc.a;/home/bebole_c0n3v/.emscripten_cache/wasm/libc_rt_wasm.a;/home/bebole_c0n3v/.emscripten_cache/wasm/libsockets.a]
  implicit dirs: [/usr/share/emscripten/system/local/lib;/usr/share/emscripten/system/lib;/home/bebole_c0n3v/.emscripten_cache/wasm]
  implicit fwks: []


Detecting CXX compiler ABI info compiled with the following output:
Change Dir: /home/bebole_c0n3v/desmume-wasm/desmume/wasm-port/build/CMakeFiles/CMakeTmp

Run Build Command(s):/usr/bin/gmake cmTC_b47e2/fast && /usr/bin/gmake  -f CMakeFiles/cmTC_b47e2.dir/build.make CMakeFiles/cmTC_b47e2.dir/build
gmake[1]: Entering directory '/home/bebole_c0n3v/desmume-wasm/desmume/wasm-port/build/CMakeFiles/CMakeTmp'
Building CXX object CMakeFiles/cmTC_b47e2.dir/CMakeCXXCompilerABI.cpp.o
/usr/bin/em++   -v -o CMakeFiles/cmTC_b47e2.dir/CMakeCXXCompilerABI.cpp.o -c /usr/share/cmake-3.18/Modules/CMakeCXXCompilerABI.cpp
 "/usr/bin/clang++" -DEMSCRIPTEN -fignore-exceptions -mllvm -combiner-global-alias-analysis=false -mllvm -enable-emscripten-sjlj -mllvm -disable-lsr -Xclang -isystem/usr/share/emscripten/system/include/SDL -target wasm32-unknown-emscripten -D__EMSCRIPTEN_major__=2 -D__EMSCRIPTEN_minor__=0 -D__EMSCRIPTEN_tiny__=12 -D_LIBCPP_ABI_VERSION=2 -Dunix -D__unix -D__unix__ -Werror=implicit-function-declaration --sysroot=/usr/share/emscripten/system -Xclang -isystem/home/bebole_c0n3v/.emscripten_cache/include -Xclang -iwithsysroot/include/libcxx -Xclang -iwithsysroot/lib/libcxxabi/include -Xclang -iwithsysroot/include/compat -Xclang -iwithsysroot/include/libc -Xclang -iwithsysroot/lib/libc/musl/arch/emscripten -Xclang -iwithsysroot/local/include -Xclang -iwithsysroot/include/SSE -Xclang -iwithsysroot/include/neon -Xclang -iwithsysroot/lib/compiler-rt/include -Xclang -iwithsysroot/lib/libunwind/include -v -c /usr/share/cmake-3.18/Modules/CMakeCXXCompilerABI.cpp -o CMakeFiles/cmTC_b47e2.dir/CMakeCXXCompilerABI.cpp.o
Debian clang version 11.0.1-2
Target: wasm32-unknown-emscripten
Thread model: posix
InstalledDir: /usr/bin
 (in-process)
 "/usr/lib/llvm-11/bin/clang" -cc1 -triple wasm32-unknown-emscripten -emit-obj -mrelax-all -disable-free -disable-llvm-verifier -discard-value-names -main-file-name CMakeCXXCompilerABI.cpp -mrelocation-model static -mframe-pointer=none -fno-rounding-math -mconstructor-aliases -target-cpu generic -fvisibility hidden -debugger-tuning=gdb -v -resource-dir /usr/lib/llvm-11/lib/clang/11.0.1 -D EMSCRIPTEN -D __EMSCRIPTEN_major__=2 -D __EMSCRIPTEN_minor__=0 -D __EMSCRIPTEN_tiny__=12 -D _LIBCPP_ABI_VERSION=2 -D unix -D __unix -D __unix__ -isysroot /usr/share/emscripten/system -internal-isystem /usr/share/emscripten/system/include/wasm32-emscripten/c++/v1 -internal-isystem /usr/share/emscripten/system/include/c++/v1 -internal-isystem /usr/lib/llvm-11/lib/clang/11.0.1/include -internal-isystem /usr/share/emscripten/system/include/wasm32-emscripten -internal-isystem /usr/share/emscripten/system/include -Werror=implicit-function-declaration -fdeprecated-macro -fdebug-compilation-dir /home/bebole_c0n3v/desmume-wasm/desmume/wasm-port/build/CMakeFiles/CMakeTmp -ferror-limit 19 -fgnuc-version=4.2.1 -fcxx-exceptions -fignore-exceptions -fexceptions -isystem/usr/share/emscripten/system/include/SDL -isystem/home/bebole_c0n3v/.emscripten_cache/include -iwithsysroot/include/libcxx -iwithsysroot/lib/libcxxabi/include -iwithsysroot/include/compat -iwithsysroot/include/libc -iwithsysroot/lib/libc/musl/arch/emscripten -iwithsysroot/local/include -iwithsysroot/include/SSE -iwithsysroot/include/neon -iwithsysroot/lib/compiler-rt/include -iwithsysroot/lib/libunwind/include -mllvm -combiner-global-alias-analysis=false -mllvm -enable-emscripten-sjlj -mllvm -disable-lsr -o CMakeFiles/cmTC_b47e2.dir/CMakeCXXCompilerABI.cpp.o -x c++ /usr/share/cmake-3.18/Modules/CMakeCXXCompilerABI.cpp
clang -cc1 version 11.0.1 based upon LLVM 11.0.1 default target x86_64-pc-linux-gnu
ignoring nonexistent directory "/home/bebole_c0n3v/.emscripten_cache/include"
ignoring nonexistent directory "/usr/share/emscripten/system/include/wasm32-emscripten/c++/v1"
ignoring nonexistent directory "/usr/share/emscripten/system/include/c++/v1"
ignoring nonexistent directory "/usr/share/emscripten/system/include/wasm32-emscripten"
#include "..." search starts here:
#include <...> search starts here:
 /usr/share/emscripten/system/include/SDL
 /usr/share/emscripten/system/include/libcxx
 /usr/share/emscripten/system/lib/libcxxabi/include
 /usr/share/emscripten/system/include/compat
 /usr/share/emscripten/system/include/libc
 /usr/share/emscripten/system/lib/libc/musl/arch/emscripten
 /usr/share/emscripten/system/local/include
 /usr/share/emscripten/system/include/SSE
 /usr/share/emscripten/system/include/neon
 /usr/share/emscripten/system/lib/compiler-rt/include
 /usr/share/emscripten/system/lib/libunwind/include
 /usr/lib/llvm-11/lib/clang/11.0.1/include
 /usr/share/emscripten/system/include
End of search list.
Linking CXX executable cmTC_b47e2
/usr/bin/cmake -E cmake_link_script CMakeFiles/cmTC_b47e2.dir/link.txt --verbose=1
/usr/bin/em++  -v -rdynamic CMakeFiles/cmTC_b47e2.dir/CMakeCXXCompilerABI.cpp.o -o cmTC_b47e2 
 "/usr/bin/wasm-ld" -o cmTC_b47e2.wasm CMakeFiles/cmTC_b47e2.dir/CMakeCXXCompilerABI.cpp.o -L/usr/share/emscripten/system/local/lib -L/usr/share/emscripten/system/lib -L/home/bebole_c0n3v/.emscripten_cache/wasm /home/bebole_c0n3v/.emscripten_cache/wasm/libc.a /home/bebole_c0n3v/.emscripten_cache/wasm/libcompiler_rt.a /home/bebole_c0n3v/.emscripten_cache/wasm/libc++-noexcept.a /home/bebole_c0n3v/.emscripten_cache/wasm/libc++abi-noexcept.a /home/bebole_c0n3v/.emscripten_cache/wasm/libdlmalloc.a /home/bebole_c0n3v/.emscripten_cache/wasm/libc_rt_wasm.a /home/bebole_c0n3v/.emscripten_cache/wasm/libsockets.a -mllvm -combiner-global-alias-analysis=false -mllvm -enable-emscripten-sjlj -mllvm -disable-lsr --allow-undefined --strip-debug --export-table --export main --export emscripten_stack_get_end --export emscripten_stack_get_free --export emscripten_stack_init --export stackSave --export stackRestore --export stackAlloc --export __wasm_call_ctors --export fflush --export __errno_location -z stack-size=5242880 --initial-memory=16777216 --no-entry --max-memory=16777216 --global-base=1024
 "/usr/bin/wasm-emscripten-finalize" --detect-features --minimize-wasm-changes --dyncalls-i64 cmTC_b47e2.wasm -o cmTC_b47e2.wasm
 "/usr/bin/node" /usr/share/emscripten/src/compiler.js /tmp/tmp615c3naf.txt
 "/usr/bin/llvm-objcopy" cmTC_b47e2.wasm cmTC_b47e2.wasm --remove-section=.debug* --remove-section=producers
gmake[1]: Leaving directory '/home/bebole_c0n3v/desmume-wasm/desmume/wasm-port/build/CMakeFiles/CMakeTmp'



Parsed CXX implicit include dir info from above output: rv=done
  found start of include info
  found start of implicit include info
    add: [/usr/share/emscripten/system/include/SDL]
    add: [/usr/share/emscripten/system/include/libcxx]
    add: [/usr/share/emscripten/system/lib/libcxxabi/include]
    add: [/usr/share/emscripten/system/include/compat]
    add: [/usr/share/emscripten/system/include/libc]
    add: [/usr/share/emscripten/system/lib/libc/musl/arch/emscripten]
    add: [/usr/share/emscripten/system/local/include]
    add: [/usr/share/emscripten/system/include/SSE]
    add: [/usr/share/emscripten/system/include/neon]
    add: [/usr/share/emscripten/system/lib/compiler-rt/include]
    add: [/usr/share/emscripten/system/lib/libunwind/include]
    add: [/usr/lib/llvm-11/lib/clang/11.0.1/include]
    add: [/usr/share/emscripten/system/include]
  end of search list found
  collapse include dir [/usr/share/emscripten/system/include/SDL] ==> [/usr/share/emscripten/system/include/SDL]
  collapse include dir [/usr/share/emscripten/system/include/libcxx] ==> [/usr/share/emscripten/system/include/libcxx]
  collapse include dir [/usr/share/emscripten/system/lib/libcxxabi/include] ==> [/usr/share/emscripten/system/lib/libcxxabi/include]
  collapse include dir [/usr/share/emscripten/system/include/compat] ==> [/usr/share/emscripten/system/include/compat]
  collapse include dir [/usr/share/emscripten/system/include/libc] ==> [/usr/share/emscripten/system/include/libc]
  collapse include dir [/usr/share/emscripten/system/lib/libc/musl/arch/emscripten] ==> [/usr/share/emscripten/system/lib/libc/musl/arch/emscripten]
  collapse include dir [/usr/share/emscripten/system/local/include] ==> [/usr/share/emscripten/system/local/include]
  collapse include dir [/usr/share/emscripten/system/include/SSE] ==> [/usr/share/emscripten/system/include/SSE]
  collapse include dir [/usr/share/emscripten/system/include/neon] ==> [/usr/share/emscripten/system/include/neon]
  collapse include dir [/usr/share/emscripten/system/lib/compiler-rt/include] ==> [/usr/share/emscripten/system/lib/compiler-rt/include]
  collapse include dir [/usr/share/emscripten/system/lib/libunwind/include] ==> [/usr/share/emscripten/system/lib/libunwind/include]
  collapse include dir [/usr/lib/llvm-11/lib/clang/11.0.1/include] ==> [/usr/lib/llvm-11/lib/clang/11.0.1/include]
  collapse include dir [/usr/share/emscripten/system/include] ==> [/usr/share/emscripten/system/include]
  implicit include dirs: [/usr/share/emscripten/system/include/SDL;/usr/share/emscripten/system/include/libcxx;/usr/share/emscripten/system/lib/libcxxabi/include;/usr/share/emscripten/system/include/compat;/usr/share/emscripten/system/include/libc;/usr/share/emscripten/system/lib/libc/musl/arch/emscripten;/usr/share/emscripten/system/local/include;/usr/share/emscripten/system/include/SSE;/usr/share/emscripten/system/include/neon;/usr/share/emscripten/system/lib/compiler-rt/include;/usr/share/emscripten/system/lib/libunwind/include;/usr/lib/llvm-11/lib/clang/11.0.1/include;/usr/share/emscripten/system/include]


Parsed CXX implicit link information from above output:
  link line regex: [^( *|.*[/\])(ld|CMAKE_LINK_STARTFILE-NOTFOUND|([^/\]+-)?ld|collect2)[^/\]*( |$)]
  ignore line: [Change Dir: /home/bebole_c0n3v/desmume-wasm/desmume/wasm-port/build/CMakeFiles/CMakeTmp]
  ignore line: []
  ignore line: [Run Build Command(s):/usr/bin/gmake cmTC_b47e2/fast && /usr/bin/gmake  -f CMakeFiles/cmTC_b47e2.dir/build.make CMakeFiles/cmTC_b47e2.dir/build]
  ignore line: [gmake[1]: Entering directory '/home/bebole_c0n3v/desmume-wasm/desmume/wasm-port/build/CMakeFiles/CMakeTmp']
  ignore line: [Building CXX object CMakeFiles/cmTC_b47e2.dir/CMakeCXXCompilerABI.cpp.o]
  ignore line: [/usr/bin/em++   -v -o CMakeFiles/cmTC_b47e2.dir/CMakeCXXCompilerABI.cpp.o -c /usr/share/cmake-3.18/Modules/CMakeCXXCompilerABI.cpp]
  ignore line: [ "/usr/bin/clang++" -DEMSCRIPTEN -fignore-exceptions -mllvm -combiner-global-alias-analysis=false -mllvm -enable-emscripten-sjlj -mllvm -disable-lsr -Xclang -isystem/usr/share/emscripten/system/include/SDL -target wasm32-unknown-emscripten -D__EMSCRIPTEN_major__=2 -D__EMSCRIPTEN_minor__=0 -D__EMSCRIPTEN_tiny__=12 -D_LIBCPP_ABI_VERSION=2 -Dunix -D__unix -D__unix__ -Werror=implicit-function-declaration --sysroot=/usr/share/emscripten/system -Xclang -isystem/home/bebole_c0n3v/.emscripten_cache/include -Xclang -iwithsysroot/include/libcxx -Xclang -iwithsysroot/lib/libcxxabi/include -Xclang -iwithsysroot/include/compat -Xclang -iwithsysroot/include/libc -Xclang -iwithsysroot/lib/libc/musl/arch/emscripten -Xclang -iwithsysroot/local/include -Xclang -iwithsysroot/include/SSE -Xclang -iwithsysroot/include/neon -Xclang -iwithsysroot/lib/compiler-rt/include -Xclang -iwithsysroot/lib/libunwind/include -v -c /usr/share/cmake-3.18/Modules/CMakeCXXCompilerABI.cpp -o CMakeFiles/cmTC_b47e2.dir/CMakeCXXCompilerABI.cpp.o]
  ignore line: [Debian clang version 11.0.1-2]
  ignore line: [Target: wasm32-unknown-emscripten]
  ignore line: [Thread model: posix]
  ignore line: [InstalledDir: /usr/bin]
  ignore line: [ (in-process)]
  ignore line: [ "/usr/lib/llvm-11/bin/clang" -cc1 -triple wasm32-unknown-emscripten -emit-obj -mrelax-all -disable-free -disable-llvm-verifier -discard-value-names -main-file-name CMakeCXXCompilerABI.cpp -mrelocation-model static -mframe-pointer=none -fno-rounding-math -mconstructor-aliases -target-cpu generic -fvisibility hidden -debugger-tuning=gdb -v -resource-dir /usr/lib/llvm-11/lib/clang/11.0.1 -D EMSCRIPTEN -D __EMSCRIPTEN_major__=2 -D __EMSCRIPTEN_minor__=0 -D __EMSCRIPTEN_tiny__=12 -D _LIBCPP_ABI_VERSION=2 -D unix -D __unix -D __unix__ -isysroot /usr/share/emscripten/system -internal-isystem /usr/share/emscripten/system/include/wasm32-emscripten/c++/v1 -internal-isystem /usr/share/emscripten/system/include/c++/v1 -internal-isystem /usr/lib/llvm-11/lib/clang/11.0.1/include -internal-isystem /usr/share/emscripten/system/include/wasm32-emscripten -internal-isystem /usr/share/emscripten/system/include -Werror=implicit-function-declaration -fdeprecated-macro -fdebug-compilation-dir /home/bebole_c0n3v/desmume-wasm/desmume/wasm-port/build/CMakeFiles/CMakeTmp -ferror-limit 19 -fgnuc-version=4.2.1 -fcxx-exceptions -fignore-exceptions -fexceptions -isystem/usr/share/emscripten/system/include/SDL -isystem/home/bebole_c0n3v/.emscripten_cache/include -iwithsysroot/include/libcxx -iwithsysroot/lib/libcxxabi/include -iwithsysroot/include/compat -iwithsysroot/include/libc -iwithsysroot/lib/libc/musl/arch/emscripten -iwithsysroot/local/include -iwithsysroot/include/SSE -iwithsysroot/include/neon -iwithsysroot/lib/compiler-rt/include -iwithsysroot/lib/libunwind/include -mllvm -combiner-global-alias-analysis=false -mllvm -enable-emscripten-sjlj -mllvm -disable-lsr -o CMakeFiles/cmTC_b47e2.dir/CMakeCXXCompilerABI.cpp.o -x c++ /usr/share/cmake-3.18/Modules/CMakeCXXCompilerABI.cpp]
  ignore line: [clang -cc1 version 11.0.1 based upon LLVM 11.0.1 default target x86_64-pc-linux-gnu]
  ignore line: [ignoring nonexistent directory "/home/bebole_c0n3v/.emscripten_cache/include"]
  ignore line: [ignoring nonexistent directory "/usr/share/emscripten/system/include/wasm32-emscripten/c++/v1"]
  ignore line: [ignoring nonexistent directory "/usr/share/emscripten/system/include/c++/v1"]
  ignore line: [ignoring nonexistent directory "/usr/share/emscripten/system/include/wasm32-emscripten"]
  ignore line: [#include "..." search starts here:]
  ignore line: [#include <...> search starts here:]
  ignore line: [ /usr/share/emscripten/system/include/SDL]
  ignore line: [ /usr/share/emscripten/system/include/libcxx]
  ignore line: [ /usr/share/emscripten/system/lib/libcxxabi/include]
  ignore line: [ /usr/share/emscripten/system/include/compat]
  ignore line: [ /usr/share/emscripten/system/include/libc]
  ignore line: [ /usr/share/emscripten/system/lib/libc/musl/arch/emscripten]
  ignore line: [ /usr/share/emscripten/system/local/include]
  ignore line: [ /usr/share/emscripten/system/include/SSE]
  ignore line: [ /usr/share/emscripten/system/include/neon]
  ignore line: [ /usr/share/emscripten/system/lib/compiler-rt/include]
  ignore line: [ /usr/share/emscripten/system/lib/libunwind/include]
  ignore line: [ /usr/lib/llvm-11/lib/clang/11.0.1/include]
  ignore line: [ /usr/share/emscripten/system/include]
  ignore line: [End of search list.]
  ignore line: [Linking CXX executable cmTC_b47e2]
  ignore line: [/usr/bin/cmake -E cmake_link_script CMakeFiles/cmTC_b47e2.dir/link.txt --verbose=1]
  ignore line: [/usr/bin/em++  -v -rdynamic CMakeFiles/cmTC_b47e2.dir/CMakeCXXCompilerABI.cpp.o -o cmTC_b47e2 ]
  link line: [ "/usr/bin/wasm-ld" -o cmTC_b47e2.wasm CMakeFiles/cmTC_b47e2.dir/CMakeCXXCompilerABI.cpp.o -L/usr/share/emscripten/system/local/lib -L/usr/share/emscripten/system/lib -L/home/bebole_c0n3v/.emscripten_cache/wasm /home/bebole_c0n3v/.emscripten_cache/wasm/libc.a /home/bebole_c0n3v/.emscripten_cache/wasm/libcompiler_rt.a /home/bebole_c0n3v/.emscripten_cache/wasm/libc++-noexcept.a /home/bebole_c0n3v/.emscripten_cache/wasm/libc++abi-noexcept.a /home/bebole_c0n3v/.emscripten_cache/wasm/libdlmalloc.a /home/bebole_c0n3v/.emscripten_cache/wasm/libc_rt_wasm.a /home/bebole_c0n3v/.emscripten_cache/wasm/libsockets.a -mllvm -combiner-global-alias-analysis=false -mllvm -enable-emscripten-sjlj -mllvm -disable-lsr --allow-undefined --strip-debug --export-table --export main --export emscripten_stack_get_end --export emscripten_stack_get_free --export emscripten_stack_init --export stackSave --export stackRestore --export stackAlloc --export __wasm_call_ctors --export fflush --export __errno_location -z stack-size=5242880 --initial-memory=16777216 --no-entry --max-memory=16777216 --global-base=1024]
    arg [/usr/bin/wasm-ld] ==> ignore
    arg [-o] ==> ignore
    arg [cmTC_b47e2.wasm] ==> ignore
    arg [CMakeFiles/cmTC_b47e2.dir/CMakeCXXCompilerABI.cpp.o] ==> ignore
    arg [-L/usr/share/emscripten/system/local/lib] ==> dir [/usr/share/emscripten/system/local/lib]
    arg [-L/usr/share/emscripten/system/lib] ==> dir [/usr/share/emscripten/system/lib]
    arg [-L/home/bebole_c0n3v/.emscripten_cache/wasm] ==> dir [/home/bebole_c0n3v/.emscripten_cache/wasm]
    arg [/home/bebole_c0n3v/.emscripten_cache/wasm/libc.a] ==> lib [/home/bebole_c0n3v/.emscripten_cache/wasm/libc.a]
    arg [/home/bebole_c0n3v/.emscripten_cache/wasm/libcompiler_rt.a] ==> lib [/home/bebole_c0n3v/.emscripten_cache/wasm/libcompiler_rt.a]
    arg [/home/bebole_c0n3v/.emscripten_cache/wasm/libc++-noexcept.a] ==> lib [/home/bebole_c0n3v/.emscripten_cache/wasm/libc++-noexcept.a]
    arg [/home/bebole_c0n3v/.emscripten_cache/wasm/libc++abi-noexcept.a] ==> lib [/home/bebole_c0n3v/.emscripten_cache/wasm/libc++abi-noexcept.a]
    arg [/home/bebole_c0n3v/.emscripten_cache/wasm/libdlmalloc.a] ==> lib [/home/bebole_c0n3v/.emscripten_cache/wasm/libdlmalloc.a]
    arg [/home/bebole_c0n3v/.emscripten_cache/wasm/libc_rt_wasm.a] ==> lib [/home/bebole_c0n3v/.emscripten_cache/wasm/libc_rt_wasm.a]
    arg [/home/bebole_c0n3v/.emscripten_cache/wasm/libsockets.a] ==> lib [/home/bebole_c0n3v/.emscripten_cache/wasm/libsockets.a]
    arg [-mllvm] ==> ignore
    arg [-combiner-global-alias-analysis=false] ==> ignore
    arg [-mllvm] ==> ignore
    arg [-enable-emscripten-sjlj] ==> ignore
    arg [-mllvm] ==> ignore
    arg [-disable-lsr] ==> ignore
    arg [--allow-undefined] ==> ignore
    arg [--strip-debug] ==> ignore
    arg [--export-table] ==> ignore
    arg [--export] ==> ignore
    arg [main] ==> ignore
    arg [--export] ==> ignore
    arg [emscripten_stack_get_end] ==> ignore
    arg [--export] ==> ignore
    arg [emscripten_stack_get_free] ==> ignore
    arg [--export] ==> ignore
    arg [emscripten_stack_init] ==> ignore
    arg [--export] ==> ignore
    arg [stackSave] ==> ignore
    arg [--export] ==> ignore
    arg [stackRestore] ==> ignore
    arg [--export] ==> ignore
    arg [stackAlloc] ==> ignore
    arg [--export] ==> ignore
    arg [__wasm_call_ctors] ==> ignore
    arg [--export] ==> ignore
    arg [fflush] ==> ignore
    arg [--export] ==> ignore
    arg [__errno_location] ==> ignore
    arg [-zstack-size=5242880] ==> ignore
    arg [--initial-memory=16777216] ==> ignore
    arg [--no-entry] ==> ignore
    arg [--max-memory=16777216] ==> ignore
    arg [--global-base=1024] ==> ignore
  collapse library dir [/usr/share/emscripten/system/local/lib] ==> [/usr/share/emscripten/system/local/lib]
  collapse library dir [/usr/share/emscripten/system/lib] ==> [/usr/share/emscripten/system/lib]
  collapse library dir [/home/bebole_c0n3v/.emscripten_cache/wasm] ==> [/home/bebole_c0n3v/.emscripten_cache/wasm]
  implicit libs: [/home/bebole_c0n3v/.emscripten_cache/wasm/libc.a;/home/bebole_c0n3v/.emscripten_cache/wasm/libcompiler_rt.a;/home/bebole_c0n3v/.emscripten_cache/wasm/libc++-noexcept.a;/home/bebole_c0n3v/.emscripten_cache/wasm/libc++abi-noexcept.a;/home/bebole_c0n3v/.emscripten_cache/wasm/libdlmalloc.a;/home/bebole_c0n3v/.emscripten_cache/wasm/libc_rt_wasm.a;/home/bebole_c0n3v/.emscripten_cache/wasm/libsockets.a]
  implicit dirs: [/usr/share/emscripten/system/local/lib;/usr/share/emscripten/system/lib;/home/bebole_c0n3v/.emscripten_cache/wasm]
  implicit fwks: []


